Scheduler started
Running initial data collection...
[server] Backend running on 127.0.0.1:3001
[2026-06-06T14:12:47.009Z] sigwx_low: {
  type: 'sigwx_low',
  saved: false,
  filePath: null,
  total: 22,
  tmfc: '2026060611'
}
[2026-06-06T14:12:49.080Z] amos: {
  type: 'amos',
  saved: true,
  filePath: 'C:\\Users\\Jond Doe\\Desktop\\Project\\ProjectAMO\\backend\\data\\amos\\AMOS_20260606T141249079Z.json',
  total: 9,
  failedAirports: [],
  airportErrors: {}
}
[2026-06-06T14:12:49.087Z] lightning: {
  type: 'lightning',
  saved: false,
  filePath: null,
  airports: 9,
  nationwideStrikes: 0,
  totalStrikes: 0,
  failedAirports: [],
  airportErrors: {},
  fetchedWindows: 12,
  failedWindows: 0
}
[2026-06-06T14:12:49.254Z] radar_echo: {
  type: 'radar_echo',
  saved: true,
  frameCount: 20,
  tm: '202606062300',
  deferredCount: 16,
  backgroundFillRunning: true
}
[2026-06-06T14:12:50.719Z] satellite: {
  type: 'satellite',
  saved: true,
  frameCount: 5,
  tm: '202606062250',
  request_tm_utc: '202606061350',
  deferredCount: 13,
  backgroundFillRunning: true
}
[2026-06-06T14:12:51.061Z] ground_forecast: {
  type: 'ground_forecast',
  saved: false,
  filePath: null,
  airports: 8,
  failedAirports: [ 'TST1' ],
  airportErrors: { TST1: 'Missing ground forecast regId mapping' }
}
[2026-06-06T14:12:51.208Z] environment: { saved: false, filePath: null }
[2026-06-06T14:14:47.181Z] sigmet: {
  type: 'sigmet',
  saved: false,
  filePath: null,
  total: 0,
  incoming: 0,
  expired_removed: 0
}
[2026-06-06T14:14:47.212Z] airmet: {
  type: 'airmet',
  saved: false,
  filePath: null,
  total: 1,
  incoming: 1,
  expired_removed: 1
}
[2026-06-06T14:14:47.461Z] warning: { type: 'warning', saved: false, filePath: null, airports: 1 }
[2026-06-06T14:14:47.916Z] airport_info: {
  type: 'airport_info',
  saved: false,
  airports: 7,
  failed: [ 'TST1', 'RKPK' ]
}
[2026-06-06T14:14:48.500Z] taf: {
  type: 'taf',
  saved: false,
  filePath: null,
  total: 8,
  failedAirports: [],
  airportErrors: {}
}
[2026-06-06T14:14:51.567Z] metar: {
  type: 'metar',
  saved: false,
  filePath: null,
  total: 8,
  failedAirports: [],
  airportErrors: {},
  airportObsTimes: {
    RKSI: { observation_time: '2026-06-06T14:00:00Z', report_type: 'METAR' },
    RKSS: { observation_time: '2026-06-06T14:00:00Z', report_type: 'METAR' },
    RKPC: { observation_time: '2026-06-06T14:00:00Z', report_type: 'METAR' },
    RKPK: { observation_time: '2026-06-06T14:00:00Z', report_type: 'METAR' },
    RKJB: { observation_time: '2026-06-06T14:00:00Z', report_type: 'METAR' },
    RKNY: { observation_time: '2026-06-06T14:00:00Z', report_type: 'METAR' },
    RKPU: { observation_time: '2026-06-06T14:00:00Z', report_type: 'METAR' },
    RKJY: { observation_time: '2026-06-06T14:00:00Z', report_type: 'METAR' }
  }
}
Initial data collection complete.
[2026-06-06T14:15:00.739Z] airmet: {
  type: 'airmet',
  saved: false,
  filePath: null,
  total: 1,
  incoming: 1,
  expired_removed: 1
}
[2026-06-06T14:15:00.751Z] sigmet: {
  type: 'sigmet',
  saved: false,
  filePath: null,
  total: 0,
  incoming: 0,
  expired_removed: 0
}
[2026-06-06T14:15:00.755Z] warning: { type: 'warning', saved: false, filePath: null, airports: 1 }
[2026-06-06T14:15:01.179Z] radar_echo: {
  type: 'radar_echo',
  saved: true,
  frameCount: 36,
  tm: '202606062305',
  deferredCount: 0,
  backgroundFillRunning: false
}
[2026-06-06T14:15:03.279Z] lightning: {
  type: 'lightning',
  saved: true,
  filePath: 'C:\\Users\\Jond Doe\\Desktop\\Project\\ProjectAMO\\backend\\data\\lightning\\LIGHTNING_20260606T141503277Z.json',
  airports: 9,
  nationwideStrikes: 0,
  totalStrikes: 0,
  failedAirports: [],
  airportErrors: {},
  fetchedWindows: 12,
  failedWindows: 0
}
[2026-06-06T14:20:01.000Z] radar_echo: {
  type: 'radar_echo',
  saved: true,
  frameCount: 36,
  tm: '202606062310',
  deferredCount: 0,
  backgroundFillRunning: false
}
[2026-06-06T14:20:01.509Z] amos: {
  type: 'amos',
  saved: true,
  filePath: 'C:\\Users\\Jond Doe\\Desktop\\Project\\ProjectAMO\\backend\\data\\amos\\AMOS_20260606T142001507Z.json',
  total: 9,
  failedAirports: [],
  airportErrors: {}
}
[2026-06-06T14:20:01.656Z] satellite: {
  type: 'satellite',
  saved: true,
  frameCount: 18,
  tm: '202606062300',
  request_tm_utc: '202606061400',
  deferredCount: 0,
  backgroundFillRunning: false
}
[2026-06-06T14:20:02.087Z] lightning: {
  type: 'lightning',
  saved: true,
  filePath: 'C:\\Users\\Jond Doe\\Desktop\\Project\\ProjectAMO\\backend\\data\\lightning\\LIGHTNING_20260606T142002086Z.json',
  airports: 9,
  nationwideStrikes: 0,
  totalStrikes: 0,
  failedAirports: [],
  airportErrors: {},
  fetchedWindows: 12,
  failedWindows: 0
}
[2026-06-06T14:21:00.445Z] sigmet: {
  type: 'sigmet',
  saved: false,
  filePath: null,
  total: 0,
  incoming: 0,
  expired_removed: 0
}
[2026-06-06T14:21:00.449Z] warning: { type: 'warning', saved: false, filePath: null, airports: 1 }
[2026-06-06T14:21:01.154Z] airmet: {
  type: 'airmet',
  saved: false,
  filePath: null,
  total: 1,
  incoming: 1,
  expired_removed: 1
}
[2026-06-06T14:21:05.099Z] metar: {
  type: 'metar',
  saved: false,
  filePath: null,
  total: 8,
  failedAirports: [],
  airportErrors: {},
  airportObsTimes: {
    RKSI: { observation_time: '2026-06-06T14:00:00Z', report_type: 'METAR' },
    RKSS: { observation_time: '2026-06-06T14:00:00Z', report_type: 'METAR' },
    RKPC: { observation_time: '2026-06-06T14:00:00Z', report_type: 'METAR' },
    RKPK: { observation_time: '2026-06-06T14:00:00Z', report_type: 'METAR' },
    RKJB: { observation_time: '2026-06-06T14:00:00Z', report_type: 'METAR' },
    RKNY: { observation_time: '2026-06-06T14:00:00Z', report_type: 'METAR' },
    RKPU: { observation_time: '2026-06-06T14:00:00Z', report_type: 'METAR' },
    RKJY: { observation_time: '2026-06-06T14:00:00Z', report_type: 'METAR' }
  }
}
[2026-06-06T14:25:30.408Z] radar_echo: {
  type: 'radar_echo',
  saved: true,
  frameCount: 35,
  tm: '202606062315',
  deferredCount: 0,
  backgroundFillRunning: false
}
[2026-06-06T14:25:35.406Z] lightning: {
  type: 'lightning',
  saved: true,
  filePath: 'C:\\Users\\Jond Doe\\Desktop\\Project\\ProjectAMO\\backend\\data\\lightning\\LIGHTNING_20260606T142535405Z.json',
  airports: 9,
  nationwideStrikes: 0,
  totalStrikes: 0,
  failedAirports: [],
  airportErrors: {},
  fetchedWindows: 12,
  failedWindows: 0
}
[2026-06-06T14:30:00.348Z] sigmet: {
  type: 'sigmet',
  saved: false,
  filePath: null,
  total: 0,
  incoming: 0,
  expired_removed: 0
}
[2026-06-06T14:30:00.377Z] airmet: {
  type: 'airmet',
  saved: false,
  filePath: null,
  total: 1,
  incoming: 1,
  expired_removed: 1
}
[2026-06-06T14:30:00.399Z] warning: { type: 'warning', saved: false, filePath: null, airports: 1 }
[2026-06-06T14:30:01.841Z] amos: {
  type: 'amos',
  saved: true,
  filePath: 'C:\\Users\\Jond Doe\\Desktop\\Project\\ProjectAMO\\backend\\data\\amos\\AMOS_20260606T143001839Z.json',
  total: 9,
  failedAirports: [],
  airportErrors: {}
}
[2026-06-06T14:30:02.037Z] radar_echo: {
  type: 'radar_echo',
  saved: true,
  frameCount: 36,
  tm: '202606062320',
  deferredCount: 0,
  backgroundFillRunning: false
}
[2026-06-06T14:30:02.230Z] satellite: {
  type: 'satellite',
  saved: true,
  frameCount: 18,
  tm: '202606062310',
  request_tm_utc: '202606061410',
  deferredCount: 0,
  backgroundFillRunning: false
}
[2026-06-06T14:30:03.666Z] taf: {
  type: 'taf',
  saved: false,
  filePath: null,
  total: 8,
  failedAirports: [],
  airportErrors: {}
}
[2026-06-06T14:30:05.165Z] lightning: {
  type: 'lightning',
  saved: true,
  filePath: 'C:\\Users\\Jond Doe\\Desktop\\Project\\ProjectAMO\\backend\\data\\lightning\\LIGHTNING_20260606T143005163Z.json',
  airports: 9,
  nationwideStrikes: 0,
  totalStrikes: 0,
  failedAirports: [],
  airportErrors: {},
  fetchedWindows: 12,
  failedWindows: 0
}
[2026-06-06T14:30:07.608Z] ground_forecast: {
  type: 'ground_forecast',
  saved: false,
  filePath: null,
  airports: 8,
  failedAirports: [ 'TST1' ],
  airportErrors: { TST1: 'Missing ground forecast regId mapping' }
}
[2026-06-06T14:30:08.999Z] metar: {
  type: 'metar',
  saved: false,
  filePath: null,
  total: 8,
  failedAirports: [],
  airportErrors: {},
  airportObsTimes: {
    RKSI: { observation_time: '2026-06-06T14:00:00Z', report_type: 'METAR' },
    RKSS: { observation_time: '2026-06-06T14:00:00Z', report_type: 'METAR' },
    RKPC: { observation_time: '2026-06-06T14:00:00Z', report_type: 'METAR' },
    RKPK: { observation_time: '2026-06-06T14:00:00Z', report_type: 'METAR' },
    RKJB: { observation_time: '2026-06-06T14:00:00Z', report_type: 'METAR' },
    RKNY: { observation_time: '2026-06-06T14:00:00Z', report_type: 'METAR' },
    RKPU: { observation_time: '2026-06-06T14:00:00Z', report_type: 'METAR' },
    RKJY: { observation_time: '2026-06-06T14:00:00Z', report_type: 'METAR' }
  }
}
[2026-06-06T14:35:01.202Z] radar_echo: {
  type: 'radar_echo',
  saved: true,
  frameCount: 36,
  tm: '202606062325',
  deferredCount: 0,
  backgroundFillRunning: false
}
[2026-06-06T14:35:02.906Z] lightning: {
  type: 'lightning',
  saved: true,
  filePath: 'C:\\Users\\Jond Doe\\Desktop\\Project\\ProjectAMO\\backend\\data\\lightning\\LIGHTNING_20260606T143502905Z.json',
  airports: 9,
  nationwideStrikes: 0,
  totalStrikes: 0,
  failedAirports: [],
  airportErrors: {},
  fetchedWindows: 12,
  failedWindows: 0
}
[2026-06-06T14:37:01.021Z] warning: { type: 'warning', saved: false, filePath: null, airports: 1 }
[2026-06-06T14:37:01.031Z] sigmet: {
  type: 'sigmet',
  saved: false,
  filePath: null,
  total: 0,
  incoming: 0,
  expired_removed: 0
}
[2026-06-06T14:37:01.039Z] airmet: {
  type: 'airmet',
  saved: false,
  filePath: null,
  total: 1,
  incoming: 1,
  expired_removed: 1
}
[2026-06-06T14:40:01.166Z] radar_echo: {
  type: 'radar_echo',
  saved: true,
  frameCount: 36,
  tm: '202606062330',
  deferredCount: 0,
  backgroundFillRunning: false
}
[2026-06-06T14:40:01.729Z] lightning: {
  type: 'lightning',
  saved: true,
  filePath: 'C:\\Users\\Jond Doe\\Desktop\\Project\\ProjectAMO\\backend\\data\\lightning\\LIGHTNING_20260606T144001727Z.json',
  airports: 9,
  nationwideStrikes: 0,
  totalStrikes: 0,
  failedAirports: [],
  airportErrors: {},
  fetchedWindows: 12,
  failedWindows: 0
}
[2026-06-06T14:40:01.770Z] satellite: {
  type: 'satellite',
  saved: true,
  frameCount: 18,
  tm: '202606062320',
  request_tm_utc: '202606061420',
  deferredCount: 0,
  backgroundFillRunning: false
}
[2026-06-06T14:40:01.834Z] amos: {
  type: 'amos',
  saved: true,
  filePath: 'C:\\Users\\Jond Doe\\Desktop\\Project\\ProjectAMO\\backend\\data\\amos\\AMOS_20260606T144001833Z.json',
  total: 9,
  failedAirports: [],
  airportErrors: {}
}
[2026-06-06T14:42:00.654Z] warning: { type: 'warning', saved: false, filePath: null, airports: 1 }
[2026-06-06T14:42:00.670Z] sigmet: {
  type: 'sigmet',
  saved: false,
  filePath: null,
  total: 0,
  incoming: 0,
  expired_removed: 0
}
[2026-06-06T14:42:00.674Z] airmet: {
  type: 'airmet',
  saved: false,
  filePath: null,
  total: 1,
  incoming: 1,
  expired_removed: 1
}
[2026-06-06T14:42:06.704Z] metar: {
  type: 'metar',
  saved: true,
  filePath: 'C:\\Users\\Jond Doe\\Desktop\\Project\\ProjectAMO\\backend\\data\\metar\\METAR_20260606T144206702Z.json',
  total: 8,
  failedAirports: [],
  airportErrors: {},
  airportObsTimes: {
    RKSI: { observation_time: '2026-06-06T14:30:00Z', report_type: 'METAR' },
    RKSS: { observation_time: '2026-06-06T14:00:00Z', report_type: 'METAR' },
    RKPC: { observation_time: '2026-06-06T14:00:00Z', report_type: 'METAR' },
    RKPK: { observation_time: '2026-06-06T14:00:00Z', report_type: 'METAR' },
    RKJB: { observation_time: '2026-06-06T14:00:00Z', report_type: 'METAR' },
    RKNY: { observation_time: '2026-06-06T14:00:00Z', report_type: 'METAR' },
    RKPU: { observation_time: '2026-06-06T14:00:00Z', report_type: 'METAR' },
    RKJY: { observation_time: '2026-06-06T14:00:00Z', report_type: 'METAR' }
  }
}
[2026-06-06T14:45:00.942Z] warning: { type: 'warning', saved: false, filePath: null, airports: 1 }
[2026-06-06T14:45:00.955Z] sigmet: {
  type: 'sigmet',
  saved: false,
  filePath: null,
  total: 0,
  incoming: 0,
  expired_removed: 0
}
[2026-06-06T14:45:00.961Z] airmet: {
  type: 'airmet',
  saved: false,
  filePath: null,
  total: 1,
  incoming: 1,
  expired_removed: 1
}
[2026-06-06T14:45:01.376Z] radar_echo: {
  type: 'radar_echo',
  saved: true,
  frameCount: 36,
  tm: '202606062335',
  deferredCount: 0,
  backgroundFillRunning: false
}
[2026-06-06T14:45:01.746Z] lightning: {
  type: 'lightning',
  saved: true,
  filePath: 'C:\\Users\\Jond Doe\\Desktop\\Project\\ProjectAMO\\backend\\data\\lightning\\LIGHTNING_20260606T144501744Z.json',
  airports: 9,
  nationwideStrikes: 0,
  totalStrikes: 0,
  failedAirports: [],
  airportErrors: {},
  fetchedWindows: 12,
  failedWindows: 0
}
[2026-06-06T14:50:00.137Z] sigmet: {
  type: 'sigmet',
  saved: false,
  filePath: null,
  total: 0,
  incoming: 0,
  expired_removed: 0
}
[2026-06-06T14:50:00.141Z] warning: { type: 'warning', saved: false, filePath: null, airports: 1 }
[2026-06-06T14:50:00.160Z] airmet: {
  type: 'airmet',
  saved: false,
  filePath: null,
  total: 1,
  incoming: 1,
  expired_removed: 1
}
[2026-06-06T14:50:00.604Z] radar_echo: {
  type: 'radar_echo',
  saved: true,
  frameCount: 36,
  tm: '202606062340',
  deferredCount: 0,
  backgroundFillRunning: false
}
[2026-06-06T14:50:02.191Z] satellite: {
  type: 'satellite',
  saved: true,
  frameCount: 18,
  tm: '202606062330',
  request_tm_utc: '202606061430',
  deferredCount: 0,
  backgroundFillRunning: false
}
[2026-06-06T14:50:02.840Z] lightning: {
  type: 'lightning',
  saved: true,
  filePath: 'C:\\Users\\Jond Doe\\Desktop\\Project\\ProjectAMO\\backend\\data\\lightning\\LIGHTNING_20260606T145002839Z.json',
  airports: 9,
  nationwideStrikes: 0,
  totalStrikes: 0,
  failedAirports: [],
  airportErrors: {},
  fetchedWindows: 12,
  failedWindows: 0
}
[2026-06-06T14:50:02.898Z] amos: {
  type: 'amos',
  saved: true,
  filePath: 'C:\\Users\\Jond Doe\\Desktop\\Project\\ProjectAMO\\backend\\data\\amos\\AMOS_20260606T145002897Z.json',
  total: 9,
  failedAirports: [],
  airportErrors: {}
}
[2026-06-06T14:50:05.952Z] metar: {
  type: 'metar',
  saved: false,
  filePath: null,
  total: 8,
  failedAirports: [],
  airportErrors: {},
  airportObsTimes: {
    RKSI: { observation_time: '2026-06-06T14:30:00Z', report_type: 'METAR' },
    RKSS: { observation_time: '2026-06-06T14:00:00Z', report_type: 'METAR' },
    RKPC: { observation_time: '2026-06-06T14:00:00Z', report_type: 'METAR' },
    RKPK: { observation_time: '2026-06-06T14:00:00Z', report_type: 'METAR' },
    RKJB: { observation_time: '2026-06-06T14:00:00Z', report_type: 'METAR' },
    RKNY: { observation_time: '2026-06-06T14:00:00Z', report_type: 'METAR' },
    RKPU: { observation_time: '2026-06-06T14:00:00Z', report_type: 'METAR' },
    RKJY: { observation_time: '2026-06-06T14:00:00Z', report_type: 'METAR' }
  }
}
